2. App using Fuzzy Logic/sending_app1_ert_rtw/sending_app1/build/intermediates/manifest_merge_blame_file/debug/manifest-merger-blame-debug-report.txt
1<?xml version="1.0" encoding="utf-8"?>
2<manifest xmlns:android="http://schemas.android.com/apk/res/android"
3    package="com.example.sending_app1"
4    android:versionCode="1"
5    android:versionName="1.0" >
6
7    <uses-sdk
8        android:minSdkVersion="17"
8-->src\main\AndroidManifest.xml
9        android:targetSdkVersion="28" />
9-->src\main\AndroidManifest.xml
10
11    <uses-permission android:name="android.permission.ACCESS_WIFI_STATE" />
11-->src\main\AndroidManifest.xml:10:1-71
11-->src\main\AndroidManifest.xml:10:18-69
12    <uses-permission android:name="android.permission.MODIFY_AUDIO_SETTINGS" />
12-->src\main\AndroidManifest.xml:10:71-145
12-->src\main\AndroidManifest.xml:10:88-143
13    <uses-permission android:name="android.permission.RECORD_AUDIO" />
13-->src\main\AndroidManifest.xml:11:1-66
13-->src\main\AndroidManifest.xml:11:18-64
14    <uses-permission android:name="android.permission.INTERNET" />
14-->src\main\AndroidManifest.xml:12:1-62
14-->src\main\AndroidManifest.xml:12:18-60
15    <uses-permission android:name="android.permission.ACCESS_FINE_LOCATION" />
15-->src\main\AndroidManifest.xml:13:1-74
15-->src\main\AndroidManifest.xml:13:18-72
16    <uses-permission android:name="android.permission.ACCESS_NETWORK_STATE" />
16-->src\main\AndroidManifest.xml:14:1-74
16-->src\main\AndroidManifest.xml:14:18-72
17
18    <application
18-->src\main\AndroidManifest.xml:2:5-9:19
19        android:appComponentFactory="androidx.core.app.CoreComponentFactory"
19-->[androidx.core:core:1.3.1] AndroidManifest.xml:24:18-86
20        android:debuggable="true"
21        android:icon="@drawable/ic_launcher"
21-->src\main\AndroidManifest.xml:2:18-54
22        android:label="@string/app_name"
22-->src\main\AndroidManifest.xml:2:55-87
23        android:theme="@style/MWAppTheme" >
23-->src\main\AndroidManifest.xml:2:88-121
24        <activity
24-->src\main\AndroidManifest.xml:3:9-8:20
25            android:name="com.example.sending_app1.sending_app1"
25-->src\main\AndroidManifest.xml:3:52-79
26            android:configChanges="orientation|screenSize"
26-->src\main\AndroidManifest.xml:3:126-172
27            android:label="@string/app_name"
27-->src\main\AndroidManifest.xml:3:19-51
28            android:theme="@style/MWAppTheme.NoActionBar" >
28-->src\main\AndroidManifest.xml:3:80-125
29            <intent-filter>
29-->src\main\AndroidManifest.xml:4:13-7:29
30                <action android:name="android.intent.action.MAIN" />
30-->src\main\AndroidManifest.xml:5:17-68
30-->src\main\AndroidManifest.xml:5:25-66
31
32                <category android:name="android.intent.category.LAUNCHER" />
32-->src\main\AndroidManifest.xml:6:17-76
32-->src\main\AndroidManifest.xml:6:27-74
33            </intent-filter>
34        </activity>
35    </application>
36
37</manifest>